<?xml version="1.0" encoding="UTF-8"?>
<testng-results skipped="0" failed="1" ignored="0" total="3" passed="2">
  <reporter-output>
  </reporter-output>
  <suite name="Hub Spot Test Suite" duration-ms="60989" started-at="2019-05-21T09:03:30Z" finished-at="2019-05-21T09:04:31Z">
    <groups>
    </groups>
    <test name="hub spot regression Test" duration-ms="60989" started-at="2019-05-21T09:03:30Z" finished-at="2019-05-21T09:04:31Z">
      <class name="com.qa.hubspot.tests.LoginTest">
        <test-method status="PASS" signature="setUP()[pri:0, instance:com.qa.hubspot.tests.LoginTest@27d415d9]" name="setUP" is-config="true" duration-ms="23915" started-at="2019-05-21T09:03:30Z" finished-at="2019-05-21T09:03:54Z">
          <reporter-output>
          </reporter-output>
        </test-method> <!-- setUP -->
        <test-method status="FAIL" signature="verifyLoginPageTitleTest()[pri:1, instance:com.qa.hubspot.tests.LoginTest@27d415d9]" name="verifyLoginPageTitleTest" duration-ms="66" started-at="2019-05-21T09:03:54Z" finished-at="2019-05-21T09:03:54Z">
          <exception class="java.lang.AssertionError">
            <message>
              <![CDATA[login page title is not correct expected [HubSpot Login321] but found [HubSpot Login]]]>
            </message>
            <full-stacktrace>
              <![CDATA[java.lang.AssertionError: login page title is not correct expected [HubSpot Login321] but found [HubSpot Login]
at org.testng.Assert.fail(Assert.java:96)
at org.testng.Assert.failNotEquals(Assert.java:776)
at org.testng.Assert.assertEqualsImpl(Assert.java:137)
at org.testng.Assert.assertEquals(Assert.java:118)
at org.testng.Assert.assertEquals(Assert.java:453)
at com.qa.hubspot.tests.LoginTest.verifyLoginPageTitleTest(LoginTest.java:41)
at sun.reflect.NativeMethodAccessorImpl.invoke0(Native Method)
at sun.reflect.NativeMethodAccessorImpl.invoke(Unknown Source)
at sun.reflect.DelegatingMethodAccessorImpl.invoke(Unknown Source)
at java.lang.reflect.Method.invoke(Unknown Source)
at org.testng.internal.MethodInvocationHelper.invokeMethod(MethodInvocationHelper.java:124)
at org.testng.internal.Invoker.invokeMethod(Invoker.java:583)
at org.testng.internal.Invoker.invokeTestMethod(Invoker.java:719)
at org.testng.internal.Invoker.invokeTestMethods(Invoker.java:989)
at org.testng.internal.TestMethodWorker.invokeTestMethods(TestMethodWorker.java:125)
at org.testng.internal.TestMethodWorker.run(TestMethodWorker.java:109)
at java.util.concurrent.ThreadPoolExecutor.runWorker(Unknown Source)
at java.util.concurrent.ThreadPoolExecutor$Worker.run(Unknown Source)
at java.lang.Thread.run(Unknown Source)
]]>
            </full-stacktrace>
          </exception> <!-- java.lang.AssertionError -->
          <reporter-output>
          </reporter-output>
        </test-method> <!-- verifyLoginPageTitleTest -->
        <test-method status="PASS" signature="tearDown()[pri:0, instance:com.qa.hubspot.tests.LoginTest@27d415d9]" name="tearDown" is-config="true" duration-ms="1444" started-at="2019-05-21T09:03:55Z" finished-at="2019-05-21T09:03:56Z">
          <reporter-output>
          </reporter-output>
        </test-method> <!-- tearDown -->
        <test-method status="PASS" signature="setUP()[pri:0, instance:com.qa.hubspot.tests.LoginTest@27d415d9]" name="setUP" is-config="true" duration-ms="14864" started-at="2019-05-21T09:03:56Z" finished-at="2019-05-21T09:04:11Z">
          <reporter-output>
          </reporter-output>
        </test-method> <!-- setUP -->
        <test-method status="PASS" signature="verifySignUpLinkTest()[pri:2, instance:com.qa.hubspot.tests.LoginTest@27d415d9]" name="verifySignUpLinkTest" duration-ms="117" started-at="2019-05-21T09:04:11Z" finished-at="2019-05-21T09:04:11Z">
          <reporter-output>
          </reporter-output>
        </test-method> <!-- verifySignUpLinkTest -->
        <test-method status="PASS" signature="tearDown()[pri:0, instance:com.qa.hubspot.tests.LoginTest@27d415d9]" name="tearDown" is-config="true" duration-ms="1277" started-at="2019-05-21T09:04:11Z" finished-at="2019-05-21T09:04:13Z">
          <reporter-output>
          </reporter-output>
        </test-method> <!-- tearDown -->
        <test-method status="PASS" signature="setUP()[pri:0, instance:com.qa.hubspot.tests.LoginTest@27d415d9]" name="setUP" is-config="true" duration-ms="16156" started-at="2019-05-21T09:04:13Z" finished-at="2019-05-21T09:04:29Z">
          <reporter-output>
          </reporter-output>
        </test-method> <!-- setUP -->
        <test-method status="PASS" signature="loginTest()[pri:3, instance:com.qa.hubspot.tests.LoginTest@27d415d9]" name="loginTest" duration-ms="1167" started-at="2019-05-21T09:04:29Z" finished-at="2019-05-21T09:04:30Z">
          <reporter-output>
          </reporter-output>
        </test-method> <!-- loginTest -->
        <test-method status="PASS" signature="tearDown()[pri:0, instance:com.qa.hubspot.tests.LoginTest@27d415d9]" name="tearDown" is-config="true" duration-ms="1202" started-at="2019-05-21T09:04:30Z" finished-at="2019-05-21T09:04:31Z">
          <reporter-output>
          </reporter-output>
        </test-method> <!-- tearDown -->
      </class> <!-- com.qa.hubspot.tests.LoginTest -->
    </test> <!-- hub spot regression Test -->
  </suite> <!-- Hub Spot Test Suite -->
</testng-results>
